<?xml version="1.0" encoding="UTF-8"?>
<!-- Generated by org.testng.reporters.JUnitReportReporter -->
<testsuite hostname="Milans-MacBook-Air.local" failures="0" tests="2" name="com.assignment.runner.TestRunner" time="46.824" errors="0" timestamp="2025-05-09T00:07:57 IST" skipped="0">
  <testcase classname="com.assignment.runner.TestRunner" name="runScenario" time="31.818"/>
  <testcase classname="com.assignment.runner.TestRunner" name="runScenario" time="15.006"/>
</testsuite> <!-- com.assignment.runner.TestRunner -->
